<?xml version="1.0" encoding="UTF-8"?>
<!-- Generated by org.testng.reporters.JUnitReportReporter -->
<testsuite hostname="LAPTOP-9ISNVLCA" failures="0" tests="1" name="RestAssuredPracticeExample" time="6.600" errors="0" timestamp="2021-11-19T06:51:51 IST" skipped="0">
  <testcase classname="RestAssuredPracticeExample" name="test1" time="6.600"/>
  <system-out/>
</testsuite> <!-- RestAssuredPracticeExample -->
